2020-05-02 21:27:57,124,INFO,main.py,24,<module>,main,root,MainProcess,MainThread,Application Start
2020-05-02 21:27:57,520,INFO,logger.py,24,logging_environment,logger,root,MainProcess,MainThread,Python Version:3.5.6
2020-05-02 21:27:57,525,INFO,logger.py,25,logging_environment,logger,root,MainProcess,MainThread,Compiler:MSC v.1900 64 bit (AMD64)
2020-05-02 21:27:57,529,INFO,logger.py,26,logging_environment,logger,root,MainProcess,MainThread,Build:('default', 'Aug 26 2018 16:05:27')
2020-05-02 21:27:57,532,INFO,logger.py,29,logging_environment,logger,root,MainProcess,MainThread,OS:Windows-7-6.1.7601-SP1
2020-05-02 21:27:57,535,INFO,logger.py,30,logging_environment,logger,root,MainProcess,MainThread,uname:uname_result(system='Windows', node='HASHIMOTO', release='7', version='6.1.7601', machine='AMD64', processor='Intel64 Family 6 Model 42 Stepping 7, GenuineIntel')
2020-05-02 21:27:57,538,INFO,logger.py,31,logging_environment,logger,root,MainProcess,MainThread,system:Windows
2020-05-02 21:27:57,541,INFO,logger.py,32,logging_environment,logger,root,MainProcess,MainThread,node:HASHIMOTO
2020-05-02 21:27:57,545,INFO,logger.py,33,logging_environment,logger,root,MainProcess,MainThread,release:7
2020-05-02 21:27:57,548,INFO,logger.py,34,logging_environment,logger,root,MainProcess,MainThread,version:6.1.7601
2020-05-02 21:27:57,551,INFO,logger.py,35,logging_environment,logger,root,MainProcess,MainThread,machine:AMD64
2020-05-02 21:27:57,553,INFO,logger.py,36,logging_environment,logger,root,MainProcess,MainThread,architecture:('64bit', 'WindowsPE')
2020-05-02 21:27:57,556,INFO,logger.py,37,logging_environment,logger,root,MainProcess,MainThread,/bin/ls:('64bit', '')
2020-05-02 21:27:57,559,DEBUG,config.py,46,logging_paramter,config,root,MainProcess,MainThread,config_log:../parameter/logging.conf
2020-05-02 21:27:57,560,DEBUG,config.py,47,logging_paramter,config,root,MainProcess,MainThread,syslog_facility:LOG_SYSLOG
2020-05-02 21:27:57,562,DEBUG,config.py,48,logging_paramter,config,root,MainProcess,MainThread,syslog_option:LOG_PID
2020-05-02 21:27:57,564,DEBUG,config.py,49,logging_paramter,config,root,MainProcess,MainThread,database:../database/astronomy.db
2020-05-02 21:27:57,565,DEBUG,config.py,50,logging_paramter,config,root,MainProcess,MainThread,line_notify_api:https://notify-api.line.me/api/notify
2020-05-02 21:27:57,567,DEBUG,config.py,51,logging_paramter,config,root,MainProcess,MainThread,line_notify_token:Ra7KPNYOMk5sbaCzZatIunBD2ha9LBFJd1O9dTe1nSa
2020-05-02 21:27:57,569,DEBUG,config.py,52,logging_paramter,config,root,MainProcess,MainThread,observation_target:11
2020-05-02 21:27:57,570,DEBUG,config.py,53,logging_paramter,config,root,MainProcess,MainThread,observation_start_time:2019-09-15 20:00:00
2020-05-02 21:27:57,572,DEBUG,config.py,54,logging_paramter,config,root,MainProcess,MainThread,observation_time_hr:8.0
2020-05-02 21:27:57,575,DEBUG,config.py,55,logging_paramter,config,root,MainProcess,MainThread,observation_interval_hr:1.0
2020-05-02 21:27:57,577,DEBUG,config.py,56,logging_paramter,config,root,MainProcess,MainThread,observation_location_latitude:34Åã 34Åå 36.5Åç
2020-05-02 21:27:57,581,DEBUG,config.py,57,logging_paramter,config,root,MainProcess,MainThread,observation_location_longitude:133Åã 35Åå 48.3Åç
2020-05-02 21:28:38,244,INFO,main.py,40,<module>,main,root,MainProcess,MainThread,Application End(40.910525[sec])
2020-05-03 01:13:44,209,WARNING,legend.py,1384,_parse_legend_args,legend,matplotlib.legend,MainProcess,MainThread,No handles with labels found to put in legend.
